0    [AWT-EventQueue-0] INFO  ca.sqlpower.architect.ArchitectUtils  - Log4J configured successfully
3662 [AWT-EventQueue-0] INFO  ca.sqlpower.sql.PlDotIni  - Beginning to read/merge new pl.ini data
3795 [AWT-EventQueue-0] INFO  ca.sqlpower.sql.PlDotIni  - Finished reading file.
3813 [AWT-EventQueue-0] INFO  ca.sqlpower.sql.PlDotIni  - Beginning to read/merge new pl.ini data
3872 [AWT-EventQueue-0] INFO  ca.sqlpower.sql.PlDotIni  - Finished reading file.
4799 [AWT-EventQueue-0] INFO  ca.sqlpower.architect.swingui.dbtree.DBTreeModel  - Changing a UUID. This should only be done during load.
4808 [AWT-EventQueue-0] INFO  ca.sqlpower.architect.swingui.dbtree.DBTreeModel  - Changing a UUID. This should only be done during load.
4811 [AWT-EventQueue-0] INFO  ca.sqlpower.architect.swingui.dbtree.DBTreeModel  - Changing a UUID. This should only be done during load.
4870 [AWT-EventQueue-0] INFO  ca.sqlpower.architect.swingui.PlayPenComponent  - TablePane: usuario (TABLE) is adding ca.sqlpower.architect.swingui.PlayPen[Play Pen,0,0,0x0,invalid,layout=java.awt.FlowLayout,alignmentX=0.0,alignmentY=0.0,border=,flags=9,maximumSize=,minimumSize=java.awt.Dimension[width=1,height=1],preferredSize=]
4873 [AWT-EventQueue-0] INFO  ca.sqlpower.architect.swingui.PlayPenComponent  - TablePane: contato (TABLE) is adding ca.sqlpower.architect.swingui.PlayPen[Play Pen,0,0,0x0,invalid,layout=java.awt.FlowLayout,alignmentX=0.0,alignmentY=0.0,border=,flags=9,maximumSize=,minimumSize=java.awt.Dimension[width=1,height=1],preferredSize=]
4875 [AWT-EventQueue-0] INFO  ca.sqlpower.architect.swingui.PlayPenComponent  - TablePane: grupo (TABLE) is adding ca.sqlpower.architect.swingui.PlayPen[Play Pen,0,0,0x0,invalid,layout=java.awt.FlowLayout,alignmentX=0.0,alignmentY=0.0,border=,flags=9,maximumSize=,minimumSize=java.awt.Dimension[width=1,height=1],preferredSize=]
4876 [AWT-EventQueue-0] INFO  ca.sqlpower.architect.swingui.PlayPenComponent  - TablePane: contato_grupo (TABLE) is adding ca.sqlpower.architect.swingui.PlayPen[Play Pen,0,0,0x0,invalid,layout=java.awt.FlowLayout,alignmentX=0.0,alignmentY=0.0,border=,flags=9,maximumSize=,minimumSize=java.awt.Dimension[width=1,height=1],preferredSize=]
4887 [AWT-EventQueue-0] INFO  ca.sqlpower.architect.swingui.PlayPenComponent  - Relationship: grupo_contato_grupo_fk is adding ca.sqlpower.architect.swingui.PlayPen[Play Pen,0,0,0x0,invalid,layout=java.awt.FlowLayout,alignmentX=0.0,alignmentY=0.0,border=,flags=9,maximumSize=,minimumSize=java.awt.Dimension[width=1,height=1],preferredSize=]
4891 [AWT-EventQueue-0] INFO  ca.sqlpower.architect.swingui.PlayPenComponent  - Relationship: contato_contato_grupo_fk is adding ca.sqlpower.architect.swingui.PlayPen[Play Pen,0,0,0x0,invalid,layout=java.awt.FlowLayout,alignmentX=0.0,alignmentY=0.0,border=,flags=9,maximumSize=,minimumSize=java.awt.Dimension[width=1,height=1],preferredSize=]
4894 [AWT-EventQueue-0] INFO  ca.sqlpower.architect.swingui.PlayPenComponent  - Relationship: usuario_contato_fk is adding ca.sqlpower.architect.swingui.PlayPen[Play Pen,0,0,0x0,invalid,layout=java.awt.FlowLayout,alignmentX=0.0,alignmentY=0.0,border=,flags=9,maximumSize=,minimumSize=java.awt.Dimension[width=1,height=1],preferredSize=]
6503 [AWT-EventQueue-0] DEBUG ca.sqlpower.architect.swingui.TablePane  - Checking column idUsuario: INTEGER
6504 [AWT-EventQueue-0] DEBUG ca.sqlpower.architect.swingui.TablePane  - Checking column login: VARCHAR(30)
6506 [AWT-EventQueue-0] DEBUG ca.sqlpower.architect.swingui.TablePane  - Checking column senha: VARCHAR(256)
6506 [AWT-EventQueue-0] DEBUG ca.sqlpower.architect.swingui.TablePane  - Checking column email: VARCHAR(50)
6507 [AWT-EventQueue-0] DEBUG ca.sqlpower.architect.swingui.TablePane  - Checking column cep: VARCHAR(11)
6507 [AWT-EventQueue-0] DEBUG ca.sqlpower.architect.swingui.TablePane  - Checking column logradouro: VARCHAR(100)
6507 [AWT-EventQueue-0] DEBUG ca.sqlpower.architect.swingui.TablePane  - Checking column numero: VARCHAR(7)
6508 [AWT-EventQueue-0] DEBUG ca.sqlpower.architect.swingui.TablePane  - Checking column bairro: VARCHAR(50)
6508 [AWT-EventQueue-0] DEBUG ca.sqlpower.architect.swingui.TablePane  - Checking column cidade: VARCHAR(50)
6508 [AWT-EventQueue-0] DEBUG ca.sqlpower.architect.swingui.TablePane  - Checking column estado: VARCHAR(10)
6509 [AWT-EventQueue-0] DEBUG ca.sqlpower.architect.swingui.TablePane  - Checking column idContato: INTEGER
6509 [AWT-EventQueue-0] DEBUG ca.sqlpower.architect.swingui.TablePane  - Checking column nome: VARCHAR(30)
6510 [AWT-EventQueue-0] DEBUG ca.sqlpower.architect.swingui.TablePane  - Checking column sobrenome: VARCHAR(50)
6510 [AWT-EventQueue-0] DEBUG ca.sqlpower.architect.swingui.TablePane  - Checking column apelido: VARCHAR(30)
6510 [AWT-EventQueue-0] DEBUG ca.sqlpower.architect.swingui.TablePane  - Checking column telefone: VARCHAR(20)
6510 [AWT-EventQueue-0] DEBUG ca.sqlpower.architect.swingui.TablePane  - Checking column celular: VARCHAR(20)
6511 [AWT-EventQueue-0] DEBUG ca.sqlpower.architect.swingui.TablePane  - Checking column email: VARCHAR(50)
6511 [AWT-EventQueue-0] DEBUG ca.sqlpower.architect.swingui.TablePane  - Checking column municipio: VARCHAR(120)
6511 [AWT-EventQueue-0] DEBUG ca.sqlpower.architect.swingui.TablePane  - Checking column estado: VARCHAR(30)
6511 [AWT-EventQueue-0] DEBUG ca.sqlpower.architect.swingui.TablePane  - Checking column data_cadastro: TIMESTAMP
6512 [AWT-EventQueue-0] DEBUG ca.sqlpower.architect.swingui.TablePane  - Checking column usuario_cadastro: INTEGER
6512 [AWT-EventQueue-0] DEBUG ca.sqlpower.architect.swingui.TablePane  - Checking column idGrup: INTEGER
6513 [AWT-EventQueue-0] DEBUG ca.sqlpower.architect.swingui.TablePane  - Checking column nome: VARCHAR(50)
6513 [AWT-EventQueue-0] DEBUG ca.sqlpower.architect.swingui.TablePane  - Checking column observacao: VARCHAR(150)
6514 [AWT-EventQueue-0] DEBUG ca.sqlpower.architect.swingui.TablePane  - Checking column idCont_grup: INTEGER
6514 [AWT-EventQueue-0] DEBUG ca.sqlpower.architect.swingui.TablePane  - Checking column contato: INTEGER
6514 [AWT-EventQueue-0] DEBUG ca.sqlpower.architect.swingui.TablePane  - Checking column grupo: INTEGER
9703 [AWT-EventQueue-0] DEBUG ca.sqlpower.architect.swingui.TablePane  - Checking column idUsuario: INTEGER
9704 [AWT-EventQueue-0] DEBUG ca.sqlpower.architect.swingui.TablePane  - Checking column login: VARCHAR(30)
9704 [AWT-EventQueue-0] DEBUG ca.sqlpower.architect.swingui.TablePane  - Checking column senha: VARCHAR(256)
9704 [AWT-EventQueue-0] DEBUG ca.sqlpower.architect.swingui.TablePane  - Checking column email: VARCHAR(50)
9705 [AWT-EventQueue-0] DEBUG ca.sqlpower.architect.swingui.TablePane  - Checking column cep: VARCHAR(11)
9705 [AWT-EventQueue-0] DEBUG ca.sqlpower.architect.swingui.TablePane  - Checking column logradouro: VARCHAR(100)
9705 [AWT-EventQueue-0] DEBUG ca.sqlpower.architect.swingui.TablePane  - Checking column numero: VARCHAR(7)
9706 [AWT-EventQueue-0] DEBUG ca.sqlpower.architect.swingui.TablePane  - Checking column bairro: VARCHAR(50)
9706 [AWT-EventQueue-0] DEBUG ca.sqlpower.architect.swingui.TablePane  - Checking column cidade: VARCHAR(50)
9706 [AWT-EventQueue-0] DEBUG ca.sqlpower.architect.swingui.TablePane  - Checking column estado: VARCHAR(10)
9707 [AWT-EventQueue-0] DEBUG ca.sqlpower.architect.swingui.TablePane  - Checking column idContato: INTEGER
9707 [AWT-EventQueue-0] DEBUG ca.sqlpower.architect.swingui.TablePane  - Checking column nome: VARCHAR(30)
9708 [AWT-EventQueue-0] DEBUG ca.sqlpower.architect.swingui.TablePane  - Checking column sobrenome: VARCHAR(50)
9708 [AWT-EventQueue-0] DEBUG ca.sqlpower.architect.swingui.TablePane  - Checking column apelido: VARCHAR(30)
9708 [AWT-EventQueue-0] DEBUG ca.sqlpower.architect.swingui.TablePane  - Checking column telefone: VARCHAR(20)
9709 [AWT-EventQueue-0] DEBUG ca.sqlpower.architect.swingui.TablePane  - Checking column celular: VARCHAR(20)
9709 [AWT-EventQueue-0] DEBUG ca.sqlpower.architect.swingui.TablePane  - Checking column email: VARCHAR(50)
9709 [AWT-EventQueue-0] DEBUG ca.sqlpower.architect.swingui.TablePane  - Checking column municipio: VARCHAR(120)
9710 [AWT-EventQueue-0] DEBUG ca.sqlpower.architect.swingui.TablePane  - Checking column estado: VARCHAR(30)
9710 [AWT-EventQueue-0] DEBUG ca.sqlpower.architect.swingui.TablePane  - Checking column data_cadastro: TIMESTAMP
9711 [AWT-EventQueue-0] DEBUG ca.sqlpower.architect.swingui.TablePane  - Checking column usuario_cadastro: INTEGER
9711 [AWT-EventQueue-0] DEBUG ca.sqlpower.architect.swingui.TablePane  - Checking column idGrup: INTEGER
9712 [AWT-EventQueue-0] DEBUG ca.sqlpower.architect.swingui.TablePane  - Checking column nome: VARCHAR(50)
9712 [AWT-EventQueue-0] DEBUG ca.sqlpower.architect.swingui.TablePane  - Checking column observacao: VARCHAR(150)
9712 [AWT-EventQueue-0] DEBUG ca.sqlpower.architect.swingui.TablePane  - Checking column idCont_grup: INTEGER
9712 [AWT-EventQueue-0] DEBUG ca.sqlpower.architect.swingui.TablePane  - Checking column contato: INTEGER
9713 [AWT-EventQueue-0] DEBUG ca.sqlpower.architect.swingui.TablePane  - Checking column grupo: INTEGER
9743 [AWT-EventQueue-0] DEBUG ca.sqlpower.architect.swingui.TablePane  - Checking column idUsuario: INTEGER
9743 [AWT-EventQueue-0] DEBUG ca.sqlpower.architect.swingui.TablePane  - Checking column login: VARCHAR(30)
9743 [AWT-EventQueue-0] DEBUG ca.sqlpower.architect.swingui.TablePane  - Checking column senha: VARCHAR(256)
9743 [AWT-EventQueue-0] DEBUG ca.sqlpower.architect.swingui.TablePane  - Checking column email: VARCHAR(50)
9743 [AWT-EventQueue-0] DEBUG ca.sqlpower.architect.swingui.TablePane  - Checking column cep: VARCHAR(11)
9744 [AWT-EventQueue-0] DEBUG ca.sqlpower.architect.swingui.TablePane  - Checking column logradouro: VARCHAR(100)
9744 [AWT-EventQueue-0] DEBUG ca.sqlpower.architect.swingui.TablePane  - Checking column numero: VARCHAR(7)
9744 [AWT-EventQueue-0] DEBUG ca.sqlpower.architect.swingui.TablePane  - Checking column bairro: VARCHAR(50)
9744 [AWT-EventQueue-0] DEBUG ca.sqlpower.architect.swingui.TablePane  - Checking column cidade: VARCHAR(50)
9744 [AWT-EventQueue-0] DEBUG ca.sqlpower.architect.swingui.TablePane  - Checking column estado: VARCHAR(10)
9745 [AWT-EventQueue-0] DEBUG ca.sqlpower.architect.swingui.TablePane  - Checking column idContato: INTEGER
9745 [AWT-EventQueue-0] DEBUG ca.sqlpower.architect.swingui.TablePane  - Checking column nome: VARCHAR(30)
9745 [AWT-EventQueue-0] DEBUG ca.sqlpower.architect.swingui.TablePane  - Checking column sobrenome: VARCHAR(50)
9745 [AWT-EventQueue-0] DEBUG ca.sqlpower.architect.swingui.TablePane  - Checking column apelido: VARCHAR(30)
9745 [AWT-EventQueue-0] DEBUG ca.sqlpower.architect.swingui.TablePane  - Checking column telefone: VARCHAR(20)
9745 [AWT-EventQueue-0] DEBUG ca.sqlpower.architect.swingui.TablePane  - Checking column celular: VARCHAR(20)
9745 [AWT-EventQueue-0] DEBUG ca.sqlpower.architect.swingui.TablePane  - Checking column email: VARCHAR(50)
9746 [AWT-EventQueue-0] DEBUG ca.sqlpower.architect.swingui.TablePane  - Checking column municipio: VARCHAR(120)
9746 [AWT-EventQueue-0] DEBUG ca.sqlpower.architect.swingui.TablePane  - Checking column estado: VARCHAR(30)
9746 [AWT-EventQueue-0] DEBUG ca.sqlpower.architect.swingui.TablePane  - Checking column data_cadastro: TIMESTAMP
9746 [AWT-EventQueue-0] DEBUG ca.sqlpower.architect.swingui.TablePane  - Checking column usuario_cadastro: INTEGER
9746 [AWT-EventQueue-0] DEBUG ca.sqlpower.architect.swingui.TablePane  - Checking column idGrup: INTEGER
9746 [AWT-EventQueue-0] DEBUG ca.sqlpower.architect.swingui.TablePane  - Checking column nome: VARCHAR(50)
9747 [AWT-EventQueue-0] DEBUG ca.sqlpower.architect.swingui.TablePane  - Checking column observacao: VARCHAR(150)
9747 [AWT-EventQueue-0] DEBUG ca.sqlpower.architect.swingui.TablePane  - Checking column idCont_grup: INTEGER
9747 [AWT-EventQueue-0] DEBUG ca.sqlpower.architect.swingui.TablePane  - Checking column contato: INTEGER
9747 [AWT-EventQueue-0] DEBUG ca.sqlpower.architect.swingui.TablePane  - Checking column grupo: INTEGER
9750 [AWT-EventQueue-0] DEBUG ca.sqlpower.architect.swingui.TablePane  - Checking column idUsuario: INTEGER
9750 [AWT-EventQueue-0] DEBUG ca.sqlpower.architect.swingui.TablePane  - Checking column login: VARCHAR(30)
9750 [AWT-EventQueue-0] DEBUG ca.sqlpower.architect.swingui.TablePane  - Checking column senha: VARCHAR(256)
9750 [AWT-EventQueue-0] DEBUG ca.sqlpower.architect.swingui.TablePane  - Checking column email: VARCHAR(50)
9751 [AWT-EventQueue-0] DEBUG ca.sqlpower.architect.swingui.TablePane  - Checking column cep: VARCHAR(11)
9751 [AWT-EventQueue-0] DEBUG ca.sqlpower.architect.swingui.TablePane  - Checking column logradouro: VARCHAR(100)
9751 [AWT-EventQueue-0] DEBUG ca.sqlpower.architect.swingui.TablePane  - Checking column numero: VARCHAR(7)
9751 [AWT-EventQueue-0] DEBUG ca.sqlpower.architect.swingui.TablePane  - Checking column bairro: VARCHAR(50)
9751 [AWT-EventQueue-0] DEBUG ca.sqlpower.architect.swingui.TablePane  - Checking column cidade: VARCHAR(50)
9751 [AWT-EventQueue-0] DEBUG ca.sqlpower.architect.swingui.TablePane  - Checking column estado: VARCHAR(10)
9752 [AWT-EventQueue-0] DEBUG ca.sqlpower.architect.swingui.TablePane  - Checking column idContato: INTEGER
9752 [AWT-EventQueue-0] DEBUG ca.sqlpower.architect.swingui.TablePane  - Checking column nome: VARCHAR(30)
9752 [AWT-EventQueue-0] DEBUG ca.sqlpower.architect.swingui.TablePane  - Checking column sobrenome: VARCHAR(50)
9752 [AWT-EventQueue-0] DEBUG ca.sqlpower.architect.swingui.TablePane  - Checking column apelido: VARCHAR(30)
9752 [AWT-EventQueue-0] DEBUG ca.sqlpower.architect.swingui.TablePane  - Checking column telefone: VARCHAR(20)
9752 [AWT-EventQueue-0] DEBUG ca.sqlpower.architect.swingui.TablePane  - Checking column celular: VARCHAR(20)
9752 [AWT-EventQueue-0] DEBUG ca.sqlpower.architect.swingui.TablePane  - Checking column email: VARCHAR(50)
9753 [AWT-EventQueue-0] DEBUG ca.sqlpower.architect.swingui.TablePane  - Checking column municipio: VARCHAR(120)
9753 [AWT-EventQueue-0] DEBUG ca.sqlpower.architect.swingui.TablePane  - Checking column estado: VARCHAR(30)
9753 [AWT-EventQueue-0] DEBUG ca.sqlpower.architect.swingui.TablePane  - Checking column data_cadastro: TIMESTAMP
9753 [AWT-EventQueue-0] DEBUG ca.sqlpower.architect.swingui.TablePane  - Checking column usuario_cadastro: INTEGER
9753 [AWT-EventQueue-0] DEBUG ca.sqlpower.architect.swingui.TablePane  - Checking column idGrup: INTEGER
9753 [AWT-EventQueue-0] DEBUG ca.sqlpower.architect.swingui.TablePane  - Checking column nome: VARCHAR(50)
9753 [AWT-EventQueue-0] DEBUG ca.sqlpower.architect.swingui.TablePane  - Checking column observacao: VARCHAR(150)
9754 [AWT-EventQueue-0] DEBUG ca.sqlpower.architect.swingui.TablePane  - Checking column idCont_grup: INTEGER
9754 [AWT-EventQueue-0] DEBUG ca.sqlpower.architect.swingui.TablePane  - Checking column contato: INTEGER
9754 [AWT-EventQueue-0] DEBUG ca.sqlpower.architect.swingui.TablePane  - Checking column grupo: INTEGER
9757 [AWT-EventQueue-0] DEBUG ca.sqlpower.architect.swingui.TablePane  - Checking column idUsuario: INTEGER
9758 [AWT-EventQueue-0] DEBUG ca.sqlpower.architect.swingui.TablePane  - Checking column login: VARCHAR(30)
9758 [AWT-EventQueue-0] DEBUG ca.sqlpower.architect.swingui.TablePane  - Checking column senha: VARCHAR(256)
9758 [AWT-EventQueue-0] DEBUG ca.sqlpower.architect.swingui.TablePane  - Checking column email: VARCHAR(50)
9758 [AWT-EventQueue-0] DEBUG ca.sqlpower.architect.swingui.TablePane  - Checking column cep: VARCHAR(11)
9758 [AWT-EventQueue-0] DEBUG ca.sqlpower.architect.swingui.TablePane  - Checking column logradouro: VARCHAR(100)
9758 [AWT-EventQueue-0] DEBUG ca.sqlpower.architect.swingui.TablePane  - Checking column numero: VARCHAR(7)
9759 [AWT-EventQueue-0] DEBUG ca.sqlpower.architect.swingui.TablePane  - Checking column bairro: VARCHAR(50)
9759 [AWT-EventQueue-0] DEBUG ca.sqlpower.architect.swingui.TablePane  - Checking column cidade: VARCHAR(50)
9759 [AWT-EventQueue-0] DEBUG ca.sqlpower.architect.swingui.TablePane  - Checking column estado: VARCHAR(10)
9759 [AWT-EventQueue-0] DEBUG ca.sqlpower.architect.swingui.TablePane  - Checking column idContato: INTEGER
9759 [AWT-EventQueue-0] DEBUG ca.sqlpower.architect.swingui.TablePane  - Checking column nome: VARCHAR(30)
9759 [AWT-EventQueue-0] DEBUG ca.sqlpower.architect.swingui.TablePane  - Checking column sobrenome: VARCHAR(50)
9760 [AWT-EventQueue-0] DEBUG ca.sqlpower.architect.swingui.TablePane  - Checking column apelido: VARCHAR(30)
9760 [AWT-EventQueue-0] DEBUG ca.sqlpower.architect.swingui.TablePane  - Checking column telefone: VARCHAR(20)
9760 [AWT-EventQueue-0] DEBUG ca.sqlpower.architect.swingui.TablePane  - Checking column celular: VARCHAR(20)
9760 [AWT-EventQueue-0] DEBUG ca.sqlpower.architect.swingui.TablePane  - Checking column email: VARCHAR(50)
9760 [AWT-EventQueue-0] DEBUG ca.sqlpower.architect.swingui.TablePane  - Checking column municipio: VARCHAR(120)
9760 [AWT-EventQueue-0] DEBUG ca.sqlpower.architect.swingui.TablePane  - Checking column estado: VARCHAR(30)
9760 [AWT-EventQueue-0] DEBUG ca.sqlpower.architect.swingui.TablePane  - Checking column data_cadastro: TIMESTAMP
9761 [AWT-EventQueue-0] DEBUG ca.sqlpower.architect.swingui.TablePane  - Checking column usuario_cadastro: INTEGER
9761 [AWT-EventQueue-0] DEBUG ca.sqlpower.architect.swingui.TablePane  - Checking column idGrup: INTEGER
9761 [AWT-EventQueue-0] DEBUG ca.sqlpower.architect.swingui.TablePane  - Checking column nome: VARCHAR(50)
9761 [AWT-EventQueue-0] DEBUG ca.sqlpower.architect.swingui.TablePane  - Checking column observacao: VARCHAR(150)
9762 [AWT-EventQueue-0] DEBUG ca.sqlpower.architect.swingui.TablePane  - Checking column idCont_grup: INTEGER
9762 [AWT-EventQueue-0] DEBUG ca.sqlpower.architect.swingui.TablePane  - Checking column contato: INTEGER
9762 [AWT-EventQueue-0] DEBUG ca.sqlpower.architect.swingui.TablePane  - Checking column grupo: INTEGER
9766 [AWT-EventQueue-0] DEBUG ca.sqlpower.architect.swingui.TablePane  - Checking column idUsuario: INTEGER
9766 [AWT-EventQueue-0] DEBUG ca.sqlpower.architect.swingui.TablePane  - Checking column login: VARCHAR(30)
9766 [AWT-EventQueue-0] DEBUG ca.sqlpower.architect.swingui.TablePane  - Checking column senha: VARCHAR(256)
9767 [AWT-EventQueue-0] DEBUG ca.sqlpower.architect.swingui.TablePane  - Checking column email: VARCHAR(50)
9767 [AWT-EventQueue-0] DEBUG ca.sqlpower.architect.swingui.TablePane  - Checking column cep: VARCHAR(11)
9767 [AWT-EventQueue-0] DEBUG ca.sqlpower.architect.swingui.TablePane  - Checking column logradouro: VARCHAR(100)
9767 [AWT-EventQueue-0] DEBUG ca.sqlpower.architect.swingui.TablePane  - Checking column numero: VARCHAR(7)
9767 [AWT-EventQueue-0] DEBUG ca.sqlpower.architect.swingui.TablePane  - Checking column bairro: VARCHAR(50)
9767 [AWT-EventQueue-0] DEBUG ca.sqlpower.architect.swingui.TablePane  - Checking column cidade: VARCHAR(50)
9767 [AWT-EventQueue-0] DEBUG ca.sqlpower.architect.swingui.TablePane  - Checking column estado: VARCHAR(10)
9768 [AWT-EventQueue-0] DEBUG ca.sqlpower.architect.swingui.TablePane  - Checking column idContato: INTEGER
9768 [AWT-EventQueue-0] DEBUG ca.sqlpower.architect.swingui.TablePane  - Checking column nome: VARCHAR(30)
9768 [AWT-EventQueue-0] DEBUG ca.sqlpower.architect.swingui.TablePane  - Checking column sobrenome: VARCHAR(50)
9768 [AWT-EventQueue-0] DEBUG ca.sqlpower.architect.swingui.TablePane  - Checking column apelido: VARCHAR(30)
9768 [AWT-EventQueue-0] DEBUG ca.sqlpower.architect.swingui.TablePane  - Checking column telefone: VARCHAR(20)
9768 [AWT-EventQueue-0] DEBUG ca.sqlpower.architect.swingui.TablePane  - Checking column celular: VARCHAR(20)
9768 [AWT-EventQueue-0] DEBUG ca.sqlpower.architect.swingui.TablePane  - Checking column email: VARCHAR(50)
9769 [AWT-EventQueue-0] DEBUG ca.sqlpower.architect.swingui.TablePane  - Checking column municipio: VARCHAR(120)
9769 [AWT-EventQueue-0] DEBUG ca.sqlpower.architect.swingui.TablePane  - Checking column estado: VARCHAR(30)
9769 [AWT-EventQueue-0] DEBUG ca.sqlpower.architect.swingui.TablePane  - Checking column data_cadastro: TIMESTAMP
9769 [AWT-EventQueue-0] DEBUG ca.sqlpower.architect.swingui.TablePane  - Checking column usuario_cadastro: INTEGER
9769 [AWT-EventQueue-0] DEBUG ca.sqlpower.architect.swingui.TablePane  - Checking column idGrup: INTEGER
9769 [AWT-EventQueue-0] DEBUG ca.sqlpower.architect.swingui.TablePane  - Checking column nome: VARCHAR(50)
9770 [AWT-EventQueue-0] DEBUG ca.sqlpower.architect.swingui.TablePane  - Checking column observacao: VARCHAR(150)
9770 [AWT-EventQueue-0] DEBUG ca.sqlpower.architect.swingui.TablePane  - Checking column idCont_grup: INTEGER
9770 [AWT-EventQueue-0] DEBUG ca.sqlpower.architect.swingui.TablePane  - Checking column contato: INTEGER
9770 [AWT-EventQueue-0] DEBUG ca.sqlpower.architect.swingui.TablePane  - Checking column grupo: INTEGER
9774 [AWT-EventQueue-0] DEBUG ca.sqlpower.architect.swingui.TablePane  - Checking column idUsuario: INTEGER
9774 [AWT-EventQueue-0] DEBUG ca.sqlpower.architect.swingui.TablePane  - Checking column login: VARCHAR(30)
9774 [AWT-EventQueue-0] DEBUG ca.sqlpower.architect.swingui.TablePane  - Checking column senha: VARCHAR(256)
9774 [AWT-EventQueue-0] DEBUG ca.sqlpower.architect.swingui.TablePane  - Checking column email: VARCHAR(50)
9774 [AWT-EventQueue-0] DEBUG ca.sqlpower.architect.swingui.TablePane  - Checking column cep: VARCHAR(11)
9774 [AWT-EventQueue-0] DEBUG ca.sqlpower.architect.swingui.TablePane  - Checking column logradouro: VARCHAR(100)
9775 [AWT-EventQueue-0] DEBUG ca.sqlpower.architect.swingui.TablePane  - Checking column numero: VARCHAR(7)
9775 [AWT-EventQueue-0] DEBUG ca.sqlpower.architect.swingui.TablePane  - Checking column bairro: VARCHAR(50)
9775 [AWT-EventQueue-0] DEBUG ca.sqlpower.architect.swingui.TablePane  - Checking column cidade: VARCHAR(50)
9775 [AWT-EventQueue-0] DEBUG ca.sqlpower.architect.swingui.TablePane  - Checking column estado: VARCHAR(10)
9775 [AWT-EventQueue-0] DEBUG ca.sqlpower.architect.swingui.TablePane  - Checking column idContato: INTEGER
9775 [AWT-EventQueue-0] DEBUG ca.sqlpower.architect.swingui.TablePane  - Checking column nome: VARCHAR(30)
9776 [AWT-EventQueue-0] DEBUG ca.sqlpower.architect.swingui.TablePane  - Checking column sobrenome: VARCHAR(50)
9776 [AWT-EventQueue-0] DEBUG ca.sqlpower.architect.swingui.TablePane  - Checking column apelido: VARCHAR(30)
9776 [AWT-EventQueue-0] DEBUG ca.sqlpower.architect.swingui.TablePane  - Checking column telefone: VARCHAR(20)
9776 [AWT-EventQueue-0] DEBUG ca.sqlpower.architect.swingui.TablePane  - Checking column celular: VARCHAR(20)
9776 [AWT-EventQueue-0] DEBUG ca.sqlpower.architect.swingui.TablePane  - Checking column email: VARCHAR(50)
9776 [AWT-EventQueue-0] DEBUG ca.sqlpower.architect.swingui.TablePane  - Checking column municipio: VARCHAR(120)
9776 [AWT-EventQueue-0] DEBUG ca.sqlpower.architect.swingui.TablePane  - Checking column estado: VARCHAR(30)
9776 [AWT-EventQueue-0] DEBUG ca.sqlpower.architect.swingui.TablePane  - Checking column data_cadastro: TIMESTAMP
9777 [AWT-EventQueue-0] DEBUG ca.sqlpower.architect.swingui.TablePane  - Checking column usuario_cadastro: INTEGER
9777 [AWT-EventQueue-0] DEBUG ca.sqlpower.architect.swingui.TablePane  - Checking column idGrup: INTEGER
9777 [AWT-EventQueue-0] DEBUG ca.sqlpower.architect.swingui.TablePane  - Checking column nome: VARCHAR(50)
9777 [AWT-EventQueue-0] DEBUG ca.sqlpower.architect.swingui.TablePane  - Checking column observacao: VARCHAR(150)
9777 [AWT-EventQueue-0] DEBUG ca.sqlpower.architect.swingui.TablePane  - Checking column idCont_grup: INTEGER
9777 [AWT-EventQueue-0] DEBUG ca.sqlpower.architect.swingui.TablePane  - Checking column contato: INTEGER
9778 [AWT-EventQueue-0] DEBUG ca.sqlpower.architect.swingui.TablePane  - Checking column grupo: INTEGER
9782 [AWT-EventQueue-0] DEBUG ca.sqlpower.architect.swingui.TablePane  - Checking column idUsuario: INTEGER
9782 [AWT-EventQueue-0] DEBUG ca.sqlpower.architect.swingui.TablePane  - Checking column login: VARCHAR(30)
9782 [AWT-EventQueue-0] DEBUG ca.sqlpower.architect.swingui.TablePane  - Checking column senha: VARCHAR(256)
9782 [AWT-EventQueue-0] DEBUG ca.sqlpower.architect.swingui.TablePane  - Checking column email: VARCHAR(50)
9782 [AWT-EventQueue-0] DEBUG ca.sqlpower.architect.swingui.TablePane  - Checking column cep: VARCHAR(11)
9782 [AWT-EventQueue-0] DEBUG ca.sqlpower.architect.swingui.TablePane  - Checking column logradouro: VARCHAR(100)
9783 [AWT-EventQueue-0] DEBUG ca.sqlpower.architect.swingui.TablePane  - Checking column numero: VARCHAR(7)
9783 [AWT-EventQueue-0] DEBUG ca.sqlpower.architect.swingui.TablePane  - Checking column bairro: VARCHAR(50)
9783 [AWT-EventQueue-0] DEBUG ca.sqlpower.architect.swingui.TablePane  - Checking column cidade: VARCHAR(50)
9783 [AWT-EventQueue-0] DEBUG ca.sqlpower.architect.swingui.TablePane  - Checking column estado: VARCHAR(10)
9783 [AWT-EventQueue-0] DEBUG ca.sqlpower.architect.swingui.TablePane  - Checking column idContato: INTEGER
9783 [AWT-EventQueue-0] DEBUG ca.sqlpower.architect.swingui.TablePane  - Checking column nome: VARCHAR(30)
9783 [AWT-EventQueue-0] DEBUG ca.sqlpower.architect.swingui.TablePane  - Checking column sobrenome: VARCHAR(50)
9784 [AWT-EventQueue-0] DEBUG ca.sqlpower.architect.swingui.TablePane  - Checking column apelido: VARCHAR(30)
9784 [AWT-EventQueue-0] DEBUG ca.sqlpower.architect.swingui.TablePane  - Checking column telefone: VARCHAR(20)
9784 [AWT-EventQueue-0] DEBUG ca.sqlpower.architect.swingui.TablePane  - Checking column celular: VARCHAR(20)
9784 [AWT-EventQueue-0] DEBUG ca.sqlpower.architect.swingui.TablePane  - Checking column email: VARCHAR(50)
9784 [AWT-EventQueue-0] DEBUG ca.sqlpower.architect.swingui.TablePane  - Checking column municipio: VARCHAR(120)
9784 [AWT-EventQueue-0] DEBUG ca.sqlpower.architect.swingui.TablePane  - Checking column estado: VARCHAR(30)
9784 [AWT-EventQueue-0] DEBUG ca.sqlpower.architect.swingui.TablePane  - Checking column data_cadastro: TIMESTAMP
9785 [AWT-EventQueue-0] DEBUG ca.sqlpower.architect.swingui.TablePane  - Checking column usuario_cadastro: INTEGER
9785 [AWT-EventQueue-0] DEBUG ca.sqlpower.architect.swingui.TablePane  - Checking column idGrup: INTEGER
9785 [AWT-EventQueue-0] DEBUG ca.sqlpower.architect.swingui.TablePane  - Checking column nome: VARCHAR(50)
9785 [AWT-EventQueue-0] DEBUG ca.sqlpower.architect.swingui.TablePane  - Checking column observacao: VARCHAR(150)
9785 [AWT-EventQueue-0] DEBUG ca.sqlpower.architect.swingui.TablePane  - Checking column idCont_grup: INTEGER
9785 [AWT-EventQueue-0] DEBUG ca.sqlpower.architect.swingui.TablePane  - Checking column contato: INTEGER
9786 [AWT-EventQueue-0] DEBUG ca.sqlpower.architect.swingui.TablePane  - Checking column grupo: INTEGER
9790 [AWT-EventQueue-0] DEBUG ca.sqlpower.architect.swingui.TablePane  - Checking column idUsuario: INTEGER
9790 [AWT-EventQueue-0] DEBUG ca.sqlpower.architect.swingui.TablePane  - Checking column login: VARCHAR(30)
9790 [AWT-EventQueue-0] DEBUG ca.sqlpower.architect.swingui.TablePane  - Checking column senha: VARCHAR(256)
9790 [AWT-EventQueue-0] DEBUG ca.sqlpower.architect.swingui.TablePane  - Checking column email: VARCHAR(50)
9791 [AWT-EventQueue-0] DEBUG ca.sqlpower.architect.swingui.TablePane  - Checking column cep: VARCHAR(11)
9791 [AWT-EventQueue-0] DEBUG ca.sqlpower.architect.swingui.TablePane  - Checking column logradouro: VARCHAR(100)
9791 [AWT-EventQueue-0] DEBUG ca.sqlpower.architect.swingui.TablePane  - Checking column numero: VARCHAR(7)
9791 [AWT-EventQueue-0] DEBUG ca.sqlpower.architect.swingui.TablePane  - Checking column bairro: VARCHAR(50)
9791 [AWT-EventQueue-0] DEBUG ca.sqlpower.architect.swingui.TablePane  - Checking column cidade: VARCHAR(50)
9791 [AWT-EventQueue-0] DEBUG ca.sqlpower.architect.swingui.TablePane  - Checking column estado: VARCHAR(10)
9791 [AWT-EventQueue-0] DEBUG ca.sqlpower.architect.swingui.TablePane  - Checking column idContato: INTEGER
9792 [AWT-EventQueue-0] DEBUG ca.sqlpower.architect.swingui.TablePane  - Checking column nome: VARCHAR(30)
9792 [AWT-EventQueue-0] DEBUG ca.sqlpower.architect.swingui.TablePane  - Checking column sobrenome: VARCHAR(50)
9792 [AWT-EventQueue-0] DEBUG ca.sqlpower.architect.swingui.TablePane  - Checking column apelido: VARCHAR(30)
9792 [AWT-EventQueue-0] DEBUG ca.sqlpower.architect.swingui.TablePane  - Checking column telefone: VARCHAR(20)
9792 [AWT-EventQueue-0] DEBUG ca.sqlpower.architect.swingui.TablePane  - Checking column celular: VARCHAR(20)
9792 [AWT-EventQueue-0] DEBUG ca.sqlpower.architect.swingui.TablePane  - Checking column email: VARCHAR(50)
9792 [AWT-EventQueue-0] DEBUG ca.sqlpower.architect.swingui.TablePane  - Checking column municipio: VARCHAR(120)
9793 [AWT-EventQueue-0] DEBUG ca.sqlpower.architect.swingui.TablePane  - Checking column estado: VARCHAR(30)
9793 [AWT-EventQueue-0] DEBUG ca.sqlpower.architect.swingui.TablePane  - Checking column data_cadastro: TIMESTAMP
9793 [AWT-EventQueue-0] DEBUG ca.sqlpower.architect.swingui.TablePane  - Checking column usuario_cadastro: INTEGER
9793 [AWT-EventQueue-0] DEBUG ca.sqlpower.architect.swingui.TablePane  - Checking column idGrup: INTEGER
9793 [AWT-EventQueue-0] DEBUG ca.sqlpower.architect.swingui.TablePane  - Checking column nome: VARCHAR(50)
9793 [AWT-EventQueue-0] DEBUG ca.sqlpower.architect.swingui.TablePane  - Checking column observacao: VARCHAR(150)
9794 [AWT-EventQueue-0] DEBUG ca.sqlpower.architect.swingui.TablePane  - Checking column idCont_grup: INTEGER
9794 [AWT-EventQueue-0] DEBUG ca.sqlpower.architect.swingui.TablePane  - Checking column contato: INTEGER
9794 [AWT-EventQueue-0] DEBUG ca.sqlpower.architect.swingui.TablePane  - Checking column grupo: INTEGER
9797 [AWT-EventQueue-0] DEBUG ca.sqlpower.architect.swingui.TablePane  - Checking column idUsuario: INTEGER
9798 [AWT-EventQueue-0] DEBUG ca.sqlpower.architect.swingui.TablePane  - Checking column login: VARCHAR(30)
9798 [AWT-EventQueue-0] DEBUG ca.sqlpower.architect.swingui.TablePane  - Checking column senha: VARCHAR(256)
9798 [AWT-EventQueue-0] DEBUG ca.sqlpower.architect.swingui.TablePane  - Checking column email: VARCHAR(50)
9798 [AWT-EventQueue-0] DEBUG ca.sqlpower.architect.swingui.TablePane  - Checking column cep: VARCHAR(11)
9798 [AWT-EventQueue-0] DEBUG ca.sqlpower.architect.swingui.TablePane  - Checking column logradouro: VARCHAR(100)
9798 [AWT-EventQueue-0] DEBUG ca.sqlpower.architect.swingui.TablePane  - Checking column numero: VARCHAR(7)
9799 [AWT-EventQueue-0] DEBUG ca.sqlpower.architect.swingui.TablePane  - Checking column bairro: VARCHAR(50)
9799 [AWT-EventQueue-0] DEBUG ca.sqlpower.architect.swingui.TablePane  - Checking column cidade: VARCHAR(50)
9799 [AWT-EventQueue-0] DEBUG ca.sqlpower.architect.swingui.TablePane  - Checking column estado: VARCHAR(10)
9799 [AWT-EventQueue-0] DEBUG ca.sqlpower.architect.swingui.TablePane  - Checking column idContato: INTEGER
9799 [AWT-EventQueue-0] DEBUG ca.sqlpower.architect.swingui.TablePane  - Checking column nome: VARCHAR(30)
9799 [AWT-EventQueue-0] DEBUG ca.sqlpower.architect.swingui.TablePane  - Checking column sobrenome: VARCHAR(50)
9799 [AWT-EventQueue-0] DEBUG ca.sqlpower.architect.swingui.TablePane  - Checking column apelido: VARCHAR(30)
9800 [AWT-EventQueue-0] DEBUG ca.sqlpower.architect.swingui.TablePane  - Checking column telefone: VARCHAR(20)
9800 [AWT-EventQueue-0] DEBUG ca.sqlpower.architect.swingui.TablePane  - Checking column celular: VARCHAR(20)
9800 [AWT-EventQueue-0] DEBUG ca.sqlpower.architect.swingui.TablePane  - Checking column email: VARCHAR(50)
9800 [AWT-EventQueue-0] DEBUG ca.sqlpower.architect.swingui.TablePane  - Checking column municipio: VARCHAR(120)
9800 [AWT-EventQueue-0] DEBUG ca.sqlpower.architect.swingui.TablePane  - Checking column estado: VARCHAR(30)
9800 [AWT-EventQueue-0] DEBUG ca.sqlpower.architect.swingui.TablePane  - Checking column data_cadastro: TIMESTAMP
9800 [AWT-EventQueue-0] DEBUG ca.sqlpower.architect.swingui.TablePane  - Checking column usuario_cadastro: INTEGER
9801 [AWT-EventQueue-0] DEBUG ca.sqlpower.architect.swingui.TablePane  - Checking column idGrup: INTEGER
9801 [AWT-EventQueue-0] DEBUG ca.sqlpower.architect.swingui.TablePane  - Checking column nome: VARCHAR(50)
9801 [AWT-EventQueue-0] DEBUG ca.sqlpower.architect.swingui.TablePane  - Checking column observacao: VARCHAR(150)
9801 [AWT-EventQueue-0] DEBUG ca.sqlpower.architect.swingui.TablePane  - Checking column idCont_grup: INTEGER
9802 [AWT-EventQueue-0] DEBUG ca.sqlpower.architect.swingui.TablePane  - Checking column contato: INTEGER
9802 [AWT-EventQueue-0] DEBUG ca.sqlpower.architect.swingui.TablePane  - Checking column grupo: INTEGER
9811 [AWT-EventQueue-0] DEBUG ca.sqlpower.architect.swingui.TablePane  - Checking column idUsuario: INTEGER
9812 [AWT-EventQueue-0] DEBUG ca.sqlpower.architect.swingui.TablePane  - Checking column login: VARCHAR(30)
9812 [AWT-EventQueue-0] DEBUG ca.sqlpower.architect.swingui.TablePane  - Checking column senha: VARCHAR(256)
9812 [AWT-EventQueue-0] DEBUG ca.sqlpower.architect.swingui.TablePane  - Checking column email: VARCHAR(50)
9812 [AWT-EventQueue-0] DEBUG ca.sqlpower.architect.swingui.TablePane  - Checking column cep: VARCHAR(11)
9812 [AWT-EventQueue-0] DEBUG ca.sqlpower.architect.swingui.TablePane  - Checking column logradouro: VARCHAR(100)
9812 [AWT-EventQueue-0] DEBUG ca.sqlpower.architect.swingui.TablePane  - Checking column numero: VARCHAR(7)
9813 [AWT-EventQueue-0] DEBUG ca.sqlpower.architect.swingui.TablePane  - Checking column bairro: VARCHAR(50)
9813 [AWT-EventQueue-0] DEBUG ca.sqlpower.architect.swingui.TablePane  - Checking column cidade: VARCHAR(50)
9813 [AWT-EventQueue-0] DEBUG ca.sqlpower.architect.swingui.TablePane  - Checking column estado: VARCHAR(10)
9813 [AWT-EventQueue-0] DEBUG ca.sqlpower.architect.swingui.TablePane  - Checking column idContato: INTEGER
9813 [AWT-EventQueue-0] DEBUG ca.sqlpower.architect.swingui.TablePane  - Checking column nome: VARCHAR(30)
9813 [AWT-EventQueue-0] DEBUG ca.sqlpower.architect.swingui.TablePane  - Checking column sobrenome: VARCHAR(50)
9813 [AWT-EventQueue-0] DEBUG ca.sqlpower.architect.swingui.TablePane  - Checking column apelido: VARCHAR(30)
9814 [AWT-EventQueue-0] DEBUG ca.sqlpower.architect.swingui.TablePane  - Checking column telefone: VARCHAR(20)
9814 [AWT-EventQueue-0] DEBUG ca.sqlpower.architect.swingui.TablePane  - Checking column celular: VARCHAR(20)
9814 [AWT-EventQueue-0] DEBUG ca.sqlpower.architect.swingui.TablePane  - Checking column email: VARCHAR(50)
9814 [AWT-EventQueue-0] DEBUG ca.sqlpower.architect.swingui.TablePane  - Checking column municipio: VARCHAR(120)
9814 [AWT-EventQueue-0] DEBUG ca.sqlpower.architect.swingui.TablePane  - Checking column estado: VARCHAR(30)
9814 [AWT-EventQueue-0] DEBUG ca.sqlpower.architect.swingui.TablePane  - Checking column data_cadastro: TIMESTAMP
9814 [AWT-EventQueue-0] DEBUG ca.sqlpower.architect.swingui.TablePane  - Checking column usuario_cadastro: INTEGER
9815 [AWT-EventQueue-0] DEBUG ca.sqlpower.architect.swingui.TablePane  - Checking column idGrup: INTEGER
9815 [AWT-EventQueue-0] DEBUG ca.sqlpower.architect.swingui.TablePane  - Checking column nome: VARCHAR(50)
9815 [AWT-EventQueue-0] DEBUG ca.sqlpower.architect.swingui.TablePane  - Checking column observacao: VARCHAR(150)
9815 [AWT-EventQueue-0] DEBUG ca.sqlpower.architect.swingui.TablePane  - Checking column idCont_grup: INTEGER
9815 [AWT-EventQueue-0] DEBUG ca.sqlpower.architect.swingui.TablePane  - Checking column contato: INTEGER
9815 [AWT-EventQueue-0] DEBUG ca.sqlpower.architect.swingui.TablePane  - Checking column grupo: INTEGER
9819 [AWT-EventQueue-0] DEBUG ca.sqlpower.architect.swingui.TablePane  - Checking column idUsuario: INTEGER
9820 [AWT-EventQueue-0] DEBUG ca.sqlpower.architect.swingui.TablePane  - Checking column login: VARCHAR(30)
9820 [AWT-EventQueue-0] DEBUG ca.sqlpower.architect.swingui.TablePane  - Checking column senha: VARCHAR(256)
9820 [AWT-EventQueue-0] DEBUG ca.sqlpower.architect.swingui.TablePane  - Checking column email: VARCHAR(50)
9820 [AWT-EventQueue-0] DEBUG ca.sqlpower.architect.swingui.TablePane  - Checking column cep: VARCHAR(11)
9820 [AWT-EventQueue-0] DEBUG ca.sqlpower.architect.swingui.TablePane  - Checking column logradouro: VARCHAR(100)
9820 [AWT-EventQueue-0] DEBUG ca.sqlpower.architect.swingui.TablePane  - Checking column numero: VARCHAR(7)
9820 [AWT-EventQueue-0] DEBUG ca.sqlpower.architect.swingui.TablePane  - Checking column bairro: VARCHAR(50)
9821 [AWT-EventQueue-0] DEBUG ca.sqlpower.architect.swingui.TablePane  - Checking column cidade: VARCHAR(50)
9821 [AWT-EventQueue-0] DEBUG ca.sqlpower.architect.swingui.TablePane  - Checking column estado: VARCHAR(10)
9821 [AWT-EventQueue-0] DEBUG ca.sqlpower.architect.swingui.TablePane  - Checking column idContato: INTEGER
9821 [AWT-EventQueue-0] DEBUG ca.sqlpower.architect.swingui.TablePane  - Checking column nome: VARCHAR(30)
9821 [AWT-EventQueue-0] DEBUG ca.sqlpower.architect.swingui.TablePane  - Checking column sobrenome: VARCHAR(50)
9821 [AWT-EventQueue-0] DEBUG ca.sqlpower.architect.swingui.TablePane  - Checking column apelido: VARCHAR(30)
9822 [AWT-EventQueue-0] DEBUG ca.sqlpower.architect.swingui.TablePane  - Checking column telefone: VARCHAR(20)
9822 [AWT-EventQueue-0] DEBUG ca.sqlpower.architect.swingui.TablePane  - Checking column celular: VARCHAR(20)
9822 [AWT-EventQueue-0] DEBUG ca.sqlpower.architect.swingui.TablePane  - Checking column email: VARCHAR(50)
9822 [AWT-EventQueue-0] DEBUG ca.sqlpower.architect.swingui.TablePane  - Checking column municipio: VARCHAR(120)
9822 [AWT-EventQueue-0] DEBUG ca.sqlpower.architect.swingui.TablePane  - Checking column estado: VARCHAR(30)
9822 [AWT-EventQueue-0] DEBUG ca.sqlpower.architect.swingui.TablePane  - Checking column data_cadastro: TIMESTAMP
9822 [AWT-EventQueue-0] DEBUG ca.sqlpower.architect.swingui.TablePane  - Checking column usuario_cadastro: INTEGER
9823 [AWT-EventQueue-0] DEBUG ca.sqlpower.architect.swingui.TablePane  - Checking column idGrup: INTEGER
9823 [AWT-EventQueue-0] DEBUG ca.sqlpower.architect.swingui.TablePane  - Checking column nome: VARCHAR(50)
9823 [AWT-EventQueue-0] DEBUG ca.sqlpower.architect.swingui.TablePane  - Checking column observacao: VARCHAR(150)
9823 [AWT-EventQueue-0] DEBUG ca.sqlpower.architect.swingui.TablePane  - Checking column idCont_grup: INTEGER
9823 [AWT-EventQueue-0] DEBUG ca.sqlpower.architect.swingui.TablePane  - Checking column contato: INTEGER
9823 [AWT-EventQueue-0] DEBUG ca.sqlpower.architect.swingui.TablePane  - Checking column grupo: INTEGER
9828 [AWT-EventQueue-0] DEBUG ca.sqlpower.architect.swingui.TablePane  - Checking column idUsuario: INTEGER
9828 [AWT-EventQueue-0] DEBUG ca.sqlpower.architect.swingui.TablePane  - Checking column login: VARCHAR(30)
9828 [AWT-EventQueue-0] DEBUG ca.sqlpower.architect.swingui.TablePane  - Checking column senha: VARCHAR(256)
9828 [AWT-EventQueue-0] DEBUG ca.sqlpower.architect.swingui.TablePane  - Checking column email: VARCHAR(50)
9828 [AWT-EventQueue-0] DEBUG ca.sqlpower.architect.swingui.TablePane  - Checking column cep: VARCHAR(11)
9828 [AWT-EventQueue-0] DEBUG ca.sqlpower.architect.swingui.TablePane  - Checking column logradouro: VARCHAR(100)
9829 [AWT-EventQueue-0] DEBUG ca.sqlpower.architect.swingui.TablePane  - Checking column numero: VARCHAR(7)
9829 [AWT-EventQueue-0] DEBUG ca.sqlpower.architect.swingui.TablePane  - Checking column bairro: VARCHAR(50)
9829 [AWT-EventQueue-0] DEBUG ca.sqlpower.architect.swingui.TablePane  - Checking column cidade: VARCHAR(50)
9829 [AWT-EventQueue-0] DEBUG ca.sqlpower.architect.swingui.TablePane  - Checking column estado: VARCHAR(10)
9829 [AWT-EventQueue-0] DEBUG ca.sqlpower.architect.swingui.TablePane  - Checking column idContato: INTEGER
9829 [AWT-EventQueue-0] DEBUG ca.sqlpower.architect.swingui.TablePane  - Checking column nome: VARCHAR(30)
9830 [AWT-EventQueue-0] DEBUG ca.sqlpower.architect.swingui.TablePane  - Checking column sobrenome: VARCHAR(50)
9830 [AWT-EventQueue-0] DEBUG ca.sqlpower.architect.swingui.TablePane  - Checking column apelido: VARCHAR(30)
9830 [AWT-EventQueue-0] DEBUG ca.sqlpower.architect.swingui.TablePane  - Checking column telefone: VARCHAR(20)
9830 [AWT-EventQueue-0] DEBUG ca.sqlpower.architect.swingui.TablePane  - Checking column celular: VARCHAR(20)
9830 [AWT-EventQueue-0] DEBUG ca.sqlpower.architect.swingui.TablePane  - Checking column email: VARCHAR(50)
9830 [AWT-EventQueue-0] DEBUG ca.sqlpower.architect.swingui.TablePane  - Checking column municipio: VARCHAR(120)
9830 [AWT-EventQueue-0] DEBUG ca.sqlpower.architect.swingui.TablePane  - Checking column estado: VARCHAR(30)
9830 [AWT-EventQueue-0] DEBUG ca.sqlpower.architect.swingui.TablePane  - Checking column data_cadastro: TIMESTAMP
9831 [AWT-EventQueue-0] DEBUG ca.sqlpower.architect.swingui.TablePane  - Checking column usuario_cadastro: INTEGER
9831 [AWT-EventQueue-0] DEBUG ca.sqlpower.architect.swingui.TablePane  - Checking column idGrup: INTEGER
9831 [AWT-EventQueue-0] DEBUG ca.sqlpower.architect.swingui.TablePane  - Checking column nome: VARCHAR(50)
9831 [AWT-EventQueue-0] DEBUG ca.sqlpower.architect.swingui.TablePane  - Checking column observacao: VARCHAR(150)
9831 [AWT-EventQueue-0] DEBUG ca.sqlpower.architect.swingui.TablePane  - Checking column idCont_grup: INTEGER
9831 [AWT-EventQueue-0] DEBUG ca.sqlpower.architect.swingui.TablePane  - Checking column contato: INTEGER
9832 [AWT-EventQueue-0] DEBUG ca.sqlpower.architect.swingui.TablePane  - Checking column grupo: INTEGER
9836 [AWT-EventQueue-0] DEBUG ca.sqlpower.architect.swingui.TablePane  - Checking column idUsuario: INTEGER
9836 [AWT-EventQueue-0] DEBUG ca.sqlpower.architect.swingui.TablePane  - Checking column login: VARCHAR(30)
9836 [AWT-EventQueue-0] DEBUG ca.sqlpower.architect.swingui.TablePane  - Checking column senha: VARCHAR(256)
9836 [AWT-EventQueue-0] DEBUG ca.sqlpower.architect.swingui.TablePane  - Checking column email: VARCHAR(50)
9837 [AWT-EventQueue-0] DEBUG ca.sqlpower.architect.swingui.TablePane  - Checking column cep: VARCHAR(11)
9837 [AWT-EventQueue-0] DEBUG ca.sqlpower.architect.swingui.TablePane  - Checking column logradouro: VARCHAR(100)
9837 [AWT-EventQueue-0] DEBUG ca.sqlpower.architect.swingui.TablePane  - Checking column numero: VARCHAR(7)
9837 [AWT-EventQueue-0] DEBUG ca.sqlpower.architect.swingui.TablePane  - Checking column bairro: VARCHAR(50)
9837 [AWT-EventQueue-0] DEBUG ca.sqlpower.architect.swingui.TablePane  - Checking column cidade: VARCHAR(50)
9837 [AWT-EventQueue-0] DEBUG ca.sqlpower.architect.swingui.TablePane  - Checking column estado: VARCHAR(10)
9837 [AWT-EventQueue-0] DEBUG ca.sqlpower.architect.swingui.TablePane  - Checking column idContato: INTEGER
9838 [AWT-EventQueue-0] DEBUG ca.sqlpower.architect.swingui.TablePane  - Checking column nome: VARCHAR(30)
9838 [AWT-EventQueue-0] DEBUG ca.sqlpower.architect.swingui.TablePane  - Checking column sobrenome: VARCHAR(50)
9838 [AWT-EventQueue-0] DEBUG ca.sqlpower.architect.swingui.TablePane  - Checking column apelido: VARCHAR(30)
9838 [AWT-EventQueue-0] DEBUG ca.sqlpower.architect.swingui.TablePane  - Checking column telefone: VARCHAR(20)
9838 [AWT-EventQueue-0] DEBUG ca.sqlpower.architect.swingui.TablePane  - Checking column celular: VARCHAR(20)
9838 [AWT-EventQueue-0] DEBUG ca.sqlpower.architect.swingui.TablePane  - Checking column email: VARCHAR(50)
9838 [AWT-EventQueue-0] DEBUG ca.sqlpower.architect.swingui.TablePane  - Checking column municipio: VARCHAR(120)
9839 [AWT-EventQueue-0] DEBUG ca.sqlpower.architect.swingui.TablePane  - Checking column estado: VARCHAR(30)
9839 [AWT-EventQueue-0] DEBUG ca.sqlpower.architect.swingui.TablePane  - Checking column data_cadastro: TIMESTAMP
9839 [AWT-EventQueue-0] DEBUG ca.sqlpower.architect.swingui.TablePane  - Checking column usuario_cadastro: INTEGER
9839 [AWT-EventQueue-0] DEBUG ca.sqlpower.architect.swingui.TablePane  - Checking column idGrup: INTEGER
9839 [AWT-EventQueue-0] DEBUG ca.sqlpower.architect.swingui.TablePane  - Checking column nome: VARCHAR(50)
9840 [AWT-EventQueue-0] DEBUG ca.sqlpower.architect.swingui.TablePane  - Checking column observacao: VARCHAR(150)
9840 [AWT-EventQueue-0] DEBUG ca.sqlpower.architect.swingui.TablePane  - Checking column idCont_grup: INTEGER
9840 [AWT-EventQueue-0] DEBUG ca.sqlpower.architect.swingui.TablePane  - Checking column contato: INTEGER
9840 [AWT-EventQueue-0] DEBUG ca.sqlpower.architect.swingui.TablePane  - Checking column grupo: INTEGER
9853 [AWT-EventQueue-0] DEBUG ca.sqlpower.architect.swingui.TablePane  - Checking column idUsuario: INTEGER
9853 [AWT-EventQueue-0] DEBUG ca.sqlpower.architect.swingui.TablePane  - Checking column login: VARCHAR(30)
9853 [AWT-EventQueue-0] DEBUG ca.sqlpower.architect.swingui.TablePane  - Checking column senha: VARCHAR(256)
9853 [AWT-EventQueue-0] DEBUG ca.sqlpower.architect.swingui.TablePane  - Checking column email: VARCHAR(50)
9853 [AWT-EventQueue-0] DEBUG ca.sqlpower.architect.swingui.TablePane  - Checking column cep: VARCHAR(11)
9853 [AWT-EventQueue-0] DEBUG ca.sqlpower.architect.swingui.TablePane  - Checking column logradouro: VARCHAR(100)
9854 [AWT-EventQueue-0] DEBUG ca.sqlpower.architect.swingui.TablePane  - Checking column numero: VARCHAR(7)
9854 [AWT-EventQueue-0] DEBUG ca.sqlpower.architect.swingui.TablePane  - Checking column bairro: VARCHAR(50)
9854 [AWT-EventQueue-0] DEBUG ca.sqlpower.architect.swingui.TablePane  - Checking column cidade: VARCHAR(50)
9854 [AWT-EventQueue-0] DEBUG ca.sqlpower.architect.swingui.TablePane  - Checking column estado: VARCHAR(10)
9854 [AWT-EventQueue-0] DEBUG ca.sqlpower.architect.swingui.TablePane  - Checking column idContato: INTEGER
9854 [AWT-EventQueue-0] DEBUG ca.sqlpower.architect.swingui.TablePane  - Checking column nome: VARCHAR(30)
9855 [AWT-EventQueue-0] DEBUG ca.sqlpower.architect.swingui.TablePane  - Checking column sobrenome: VARCHAR(50)
9855 [AWT-EventQueue-0] DEBUG ca.sqlpower.architect.swingui.TablePane  - Checking column apelido: VARCHAR(30)
9855 [AWT-EventQueue-0] DEBUG ca.sqlpower.architect.swingui.TablePane  - Checking column telefone: VARCHAR(20)
9855 [AWT-EventQueue-0] DEBUG ca.sqlpower.architect.swingui.TablePane  - Checking column celular: VARCHAR(20)
9855 [AWT-EventQueue-0] DEBUG ca.sqlpower.architect.swingui.TablePane  - Checking column email: VARCHAR(50)
9855 [AWT-EventQueue-0] DEBUG ca.sqlpower.architect.swingui.TablePane  - Checking column municipio: VARCHAR(120)
9855 [AWT-EventQueue-0] DEBUG ca.sqlpower.architect.swingui.TablePane  - Checking column estado: VARCHAR(30)
9856 [AWT-EventQueue-0] DEBUG ca.sqlpower.architect.swingui.TablePane  - Checking column data_cadastro: TIMESTAMP
9856 [AWT-EventQueue-0] DEBUG ca.sqlpower.architect.swingui.TablePane  - Checking column usuario_cadastro: INTEGER
9856 [AWT-EventQueue-0] DEBUG ca.sqlpower.architect.swingui.TablePane  - Checking column idGrup: INTEGER
9856 [AWT-EventQueue-0] DEBUG ca.sqlpower.architect.swingui.TablePane  - Checking column nome: VARCHAR(50)
9856 [AWT-EventQueue-0] DEBUG ca.sqlpower.architect.swingui.TablePane  - Checking column observacao: VARCHAR(150)
9857 [AWT-EventQueue-0] DEBUG ca.sqlpower.architect.swingui.TablePane  - Checking column idCont_grup: INTEGER
9857 [AWT-EventQueue-0] DEBUG ca.sqlpower.architect.swingui.TablePane  - Checking column contato: INTEGER
9857 [AWT-EventQueue-0] DEBUG ca.sqlpower.architect.swingui.TablePane  - Checking column grupo: INTEGER
9859 [AWT-EventQueue-0] DEBUG ca.sqlpower.architect.swingui.TablePane  - Checking column idUsuario: INTEGER
9860 [AWT-EventQueue-0] DEBUG ca.sqlpower.architect.swingui.TablePane  - Checking column login: VARCHAR(30)
9860 [AWT-EventQueue-0] DEBUG ca.sqlpower.architect.swingui.TablePane  - Checking column senha: VARCHAR(256)
9860 [AWT-EventQueue-0] DEBUG ca.sqlpower.architect.swingui.TablePane  - Checking column email: VARCHAR(50)
9860 [AWT-EventQueue-0] DEBUG ca.sqlpower.architect.swingui.TablePane  - Checking column cep: VARCHAR(11)
9860 [AWT-EventQueue-0] DEBUG ca.sqlpower.architect.swingui.TablePane  - Checking column logradouro: VARCHAR(100)
9860 [AWT-EventQueue-0] DEBUG ca.sqlpower.architect.swingui.TablePane  - Checking column numero: VARCHAR(7)
9860 [AWT-EventQueue-0] DEBUG ca.sqlpower.architect.swingui.TablePane  - Checking column bairro: VARCHAR(50)
9861 [AWT-EventQueue-0] DEBUG ca.sqlpower.architect.swingui.TablePane  - Checking column cidade: VARCHAR(50)
9861 [AWT-EventQueue-0] DEBUG ca.sqlpower.architect.swingui.TablePane  - Checking column estado: VARCHAR(10)
9861 [AWT-EventQueue-0] DEBUG ca.sqlpower.architect.swingui.TablePane  - Checking column idContato: INTEGER
9861 [AWT-EventQueue-0] DEBUG ca.sqlpower.architect.swingui.TablePane  - Checking column nome: VARCHAR(30)
9861 [AWT-EventQueue-0] DEBUG ca.sqlpower.architect.swingui.TablePane  - Checking column sobrenome: VARCHAR(50)
9861 [AWT-EventQueue-0] DEBUG ca.sqlpower.architect.swingui.TablePane  - Checking column apelido: VARCHAR(30)
9862 [AWT-EventQueue-0] DEBUG ca.sqlpower.architect.swingui.TablePane  - Checking column telefone: VARCHAR(20)
9862 [AWT-EventQueue-0] DEBUG ca.sqlpower.architect.swingui.TablePane  - Checking column celular: VARCHAR(20)
9862 [AWT-EventQueue-0] DEBUG ca.sqlpower.architect.swingui.TablePane  - Checking column email: VARCHAR(50)
9862 [AWT-EventQueue-0] DEBUG ca.sqlpower.architect.swingui.TablePane  - Checking column municipio: VARCHAR(120)
9862 [AWT-EventQueue-0] DEBUG ca.sqlpower.architect.swingui.TablePane  - Checking column estado: VARCHAR(30)
9862 [AWT-EventQueue-0] DEBUG ca.sqlpower.architect.swingui.TablePane  - Checking column data_cadastro: TIMESTAMP
9862 [AWT-EventQueue-0] DEBUG ca.sqlpower.architect.swingui.TablePane  - Checking column usuario_cadastro: INTEGER
9863 [AWT-EventQueue-0] DEBUG ca.sqlpower.architect.swingui.TablePane  - Checking column idGrup: INTEGER
9863 [AWT-EventQueue-0] DEBUG ca.sqlpower.architect.swingui.TablePane  - Checking column nome: VARCHAR(50)
9863 [AWT-EventQueue-0] DEBUG ca.sqlpower.architect.swingui.TablePane  - Checking column observacao: VARCHAR(150)
9863 [AWT-EventQueue-0] DEBUG ca.sqlpower.architect.swingui.TablePane  - Checking column idCont_grup: INTEGER
9863 [AWT-EventQueue-0] DEBUG ca.sqlpower.architect.swingui.TablePane  - Checking column contato: INTEGER
9863 [AWT-EventQueue-0] DEBUG ca.sqlpower.architect.swingui.TablePane  - Checking column grupo: INTEGER
10071 [AWT-EventQueue-0] DEBUG ca.sqlpower.architect.swingui.TablePane  - Checking column idUsuario: INTEGER
10071 [AWT-EventQueue-0] DEBUG ca.sqlpower.architect.swingui.TablePane  - Checking column login: VARCHAR(30)
10071 [AWT-EventQueue-0] DEBUG ca.sqlpower.architect.swingui.TablePane  - Checking column senha: VARCHAR(256)
10071 [AWT-EventQueue-0] DEBUG ca.sqlpower.architect.swingui.TablePane  - Checking column email: VARCHAR(50)
10072 [AWT-EventQueue-0] DEBUG ca.sqlpower.architect.swingui.TablePane  - Checking column cep: VARCHAR(11)
10072 [AWT-EventQueue-0] DEBUG ca.sqlpower.architect.swingui.TablePane  - Checking column logradouro: VARCHAR(100)
10072 [AWT-EventQueue-0] DEBUG ca.sqlpower.architect.swingui.TablePane  - Checking column numero: VARCHAR(7)
10072 [AWT-EventQueue-0] DEBUG ca.sqlpower.architect.swingui.TablePane  - Checking column bairro: VARCHAR(50)
10072 [AWT-EventQueue-0] DEBUG ca.sqlpower.architect.swingui.TablePane  - Checking column cidade: VARCHAR(50)
10072 [AWT-EventQueue-0] DEBUG ca.sqlpower.architect.swingui.TablePane  - Checking column estado: VARCHAR(10)
10073 [AWT-EventQueue-0] DEBUG ca.sqlpower.architect.swingui.TablePane  - Checking column idContato: INTEGER
10073 [AWT-EventQueue-0] DEBUG ca.sqlpower.architect.swingui.TablePane  - Checking column nome: VARCHAR(30)
10073 [AWT-EventQueue-0] DEBUG ca.sqlpower.architect.swingui.TablePane  - Checking column sobrenome: VARCHAR(50)
10073 [AWT-EventQueue-0] DEBUG ca.sqlpower.architect.swingui.TablePane  - Checking column apelido: VARCHAR(30)
10073 [AWT-EventQueue-0] DEBUG ca.sqlpower.architect.swingui.TablePane  - Checking column telefone: VARCHAR(20)
10074 [AWT-EventQueue-0] DEBUG ca.sqlpower.architect.swingui.TablePane  - Checking column celular: VARCHAR(20)
10074 [AWT-EventQueue-0] DEBUG ca.sqlpower.architect.swingui.TablePane  - Checking column email: VARCHAR(50)
10074 [AWT-EventQueue-0] DEBUG ca.sqlpower.architect.swingui.TablePane  - Checking column municipio: VARCHAR(120)
10074 [AWT-EventQueue-0] DEBUG ca.sqlpower.architect.swingui.TablePane  - Checking column estado: VARCHAR(30)
10074 [AWT-EventQueue-0] DEBUG ca.sqlpower.architect.swingui.TablePane  - Checking column data_cadastro: TIMESTAMP
10074 [AWT-EventQueue-0] DEBUG ca.sqlpower.architect.swingui.TablePane  - Checking column usuario_cadastro: INTEGER
10075 [AWT-EventQueue-0] DEBUG ca.sqlpower.architect.swingui.TablePane  - Checking column idGrup: INTEGER
10075 [AWT-EventQueue-0] DEBUG ca.sqlpower.architect.swingui.TablePane  - Checking column nome: VARCHAR(50)
10075 [AWT-EventQueue-0] DEBUG ca.sqlpower.architect.swingui.TablePane  - Checking column observacao: VARCHAR(150)
10075 [AWT-EventQueue-0] DEBUG ca.sqlpower.architect.swingui.TablePane  - Checking column idCont_grup: INTEGER
10076 [AWT-EventQueue-0] DEBUG ca.sqlpower.architect.swingui.TablePane  - Checking column contato: INTEGER
10076 [AWT-EventQueue-0] DEBUG ca.sqlpower.architect.swingui.TablePane  - Checking column grupo: INTEGER
0    [AWT-EventQueue-0] INFO  ca.sqlpower.architect.ArchitectUtils  - Log4J configured successfully
365  [AWT-EventQueue-0] INFO  ca.sqlpower.sql.PlDotIni  - Beginning to read/merge new pl.ini data
459  [AWT-EventQueue-0] INFO  ca.sqlpower.sql.PlDotIni  - Finished reading file.
459  [AWT-EventQueue-0] INFO  ca.sqlpower.sql.PlDotIni  - Beginning to read/merge new pl.ini data
515  [AWT-EventQueue-0] INFO  ca.sqlpower.sql.PlDotIni  - Finished reading file.
899  [AWT-EventQueue-0] INFO  ca.sqlpower.architect.swingui.dbtree.DBTreeModel  - Changing a UUID. This should only be done during load.
907  [AWT-EventQueue-0] INFO  ca.sqlpower.architect.swingui.dbtree.DBTreeModel  - Changing a UUID. This should only be done during load.
910  [AWT-EventQueue-0] INFO  ca.sqlpower.architect.swingui.dbtree.DBTreeModel  - Changing a UUID. This should only be done during load.
913  [AWT-EventQueue-0] INFO  ca.sqlpower.architect.swingui.dbtree.DBTreeModel  - Changing a UUID. This should only be done during load.
938  [AWT-EventQueue-0] INFO  ca.sqlpower.architect.swingui.PlayPenComponent  - TablePane: UnidadeSaude (TABLE) is adding ca.sqlpower.architect.swingui.PlayPen[Play Pen,0,0,0x0,invalid,layout=java.awt.FlowLayout,alignmentX=0.0,alignmentY=0.0,border=,flags=9,maximumSize=,minimumSize=java.awt.Dimension[width=1,height=1],preferredSize=]
940  [AWT-EventQueue-0] INFO  ca.sqlpower.architect.swingui.PlayPenComponent  - TablePane: Usuario (TABLE) is adding ca.sqlpower.architect.swingui.PlayPen[Play Pen,0,0,0x0,invalid,layout=java.awt.FlowLayout,alignmentX=0.0,alignmentY=0.0,border=,flags=9,maximumSize=,minimumSize=java.awt.Dimension[width=1,height=1],preferredSize=]
942  [AWT-EventQueue-0] INFO  ca.sqlpower.architect.swingui.PlayPenComponent  - TablePane: Paciente (TABLE) is adding ca.sqlpower.architect.swingui.PlayPen[Play Pen,0,0,0x0,invalid,layout=java.awt.FlowLayout,alignmentX=0.0,alignmentY=0.0,border=,flags=9,maximumSize=,minimumSize=java.awt.Dimension[width=1,height=1],preferredSize=]
944  [AWT-EventQueue-0] INFO  ca.sqlpower.architect.swingui.PlayPenComponent  - TablePane: Vacina (TABLE) is adding ca.sqlpower.architect.swingui.PlayPen[Play Pen,0,0,0x0,invalid,layout=java.awt.FlowLayout,alignmentX=0.0,alignmentY=0.0,border=,flags=9,maximumSize=,minimumSize=java.awt.Dimension[width=1,height=1],preferredSize=]
945  [AWT-EventQueue-0] INFO  ca.sqlpower.architect.swingui.PlayPenComponent  - TablePane: Doses (TABLE) is adding ca.sqlpower.architect.swingui.PlayPen[Play Pen,0,0,0x0,invalid,layout=java.awt.FlowLayout,alignmentX=0.0,alignmentY=0.0,border=,flags=9,maximumSize=,minimumSize=java.awt.Dimension[width=1,height=1],preferredSize=]
956  [AWT-EventQueue-0] INFO  ca.sqlpower.architect.swingui.PlayPenComponent  - Relationship: Paciente_Doses_fk is adding ca.sqlpower.architect.swingui.PlayPen[Play Pen,0,0,0x0,invalid,layout=java.awt.FlowLayout,alignmentX=0.0,alignmentY=0.0,border=,flags=9,maximumSize=,minimumSize=java.awt.Dimension[width=1,height=1],preferredSize=]
960  [AWT-EventQueue-0] INFO  ca.sqlpower.architect.swingui.PlayPenComponent  - Relationship: UnidadeSaude_Usuario_fk is adding ca.sqlpower.architect.swingui.PlayPen[Play Pen,0,0,0x0,invalid,layout=java.awt.FlowLayout,alignmentX=0.0,alignmentY=0.0,border=,flags=9,maximumSize=,minimumSize=java.awt.Dimension[width=1,height=1],preferredSize=]
964  [AWT-EventQueue-0] INFO  ca.sqlpower.architect.swingui.PlayPenComponent  - Relationship: UnidadeSaude_Paciente_fk is adding ca.sqlpower.architect.swingui.PlayPen[Play Pen,0,0,0x0,invalid,layout=java.awt.FlowLayout,alignmentX=0.0,alignmentY=0.0,border=,flags=9,maximumSize=,minimumSize=java.awt.Dimension[width=1,height=1],preferredSize=]
968  [AWT-EventQueue-0] INFO  ca.sqlpower.architect.swingui.PlayPenComponent  - Relationship: Vacina_Doses_fk is adding ca.sqlpower.architect.swingui.PlayPen[Play Pen,0,0,0x0,invalid,layout=java.awt.FlowLayout,alignmentX=0.0,alignmentY=0.0,border=,flags=9,maximumSize=,minimumSize=java.awt.Dimension[width=1,height=1],preferredSize=]
1231 [AWT-EventQueue-0] DEBUG ca.sqlpower.architect.swingui.TablePane  - Checking column IdUnidadadeSaude: INTEGER
1232 [AWT-EventQueue-0] DEBUG ca.sqlpower.architect.swingui.TablePane  - Checking column Nome: VARCHAR(300)
1233 [AWT-EventQueue-0] DEBUG ca.sqlpower.architect.swingui.TablePane  - Checking column IdUsuario: INTEGER
1233 [AWT-EventQueue-0] DEBUG ca.sqlpower.architect.swingui.TablePane  - Checking column Nome: VARCHAR(80)
1233 [AWT-EventQueue-0] DEBUG ca.sqlpower.architect.swingui.TablePane  - Checking column COREM: VARCHAR(30)
1233 [AWT-EventQueue-0] DEBUG ca.sqlpower.architect.swingui.TablePane  - Checking column IdUnidadadeSaude: INTEGER
1234 [AWT-EventQueue-0] DEBUG ca.sqlpower.architect.swingui.TablePane  - Checking column IdPaciente: INTEGER
1234 [AWT-EventQueue-0] DEBUG ca.sqlpower.architect.swingui.TablePane  - Checking column Nome: VARCHAR(200)
1234 [AWT-EventQueue-0] DEBUG ca.sqlpower.architect.swingui.TablePane  - Checking column CodSUS: VARCHAR(50)
1234 [AWT-EventQueue-0] DEBUG ca.sqlpower.architect.swingui.TablePane  - Checking column DataNascimento: DATE
1235 [AWT-EventQueue-0] DEBUG ca.sqlpower.architect.swingui.TablePane  - Checking column Idade: VARCHAR(5)
1235 [AWT-EventQueue-0] DEBUG ca.sqlpower.architect.swingui.TablePane  - Checking column HOM: VARCHAR
1235 [AWT-EventQueue-0] DEBUG ca.sqlpower.architect.swingui.TablePane  - Checking column Gest: VARCHAR
1235 [AWT-EventQueue-0] DEBUG ca.sqlpower.architect.swingui.TablePane  - Checking column nGest: VARCHAR
1235 [AWT-EventQueue-0] DEBUG ca.sqlpower.architect.swingui.TablePane  - Checking column MFI: VARCHAR
1235 [AWT-EventQueue-0] DEBUG ca.sqlpower.architect.swingui.TablePane  - Checking column IdUnidadadeSaude: INTEGER
1236 [AWT-EventQueue-0] DEBUG ca.sqlpower.architect.swingui.TablePane  - Checking column IdVacina: INTEGER
1236 [AWT-EventQueue-0] DEBUG ca.sqlpower.architect.swingui.TablePane  - Checking column nome: VARCHAR(50)
1236 [AWT-EventQueue-0] DEBUG ca.sqlpower.architect.swingui.TablePane  - Checking column REG_APLI: VARCHAR
1236 [AWT-EventQueue-0] DEBUG ca.sqlpower.architect.swingui.TablePane  - Checking column IdDoses: INTEGER
1236 [AWT-EventQueue-0] DEBUG ca.sqlpower.architect.swingui.TablePane  - Checking column Data: VARCHAR
1237 [AWT-EventQueue-0] DEBUG ca.sqlpower.architect.swingui.TablePane  - Checking column dose: INTEGER
1237 [AWT-EventQueue-0] DEBUG ca.sqlpower.architect.swingui.TablePane  - Checking column IdPaciente: INTEGER
1237 [AWT-EventQueue-0] DEBUG ca.sqlpower.architect.swingui.TablePane  - Checking column IdVacina: INTEGER
1164617 [AWT-EventQueue-0] DEBUG ca.sqlpower.architect.swingui.TablePane  - Checking column IdUnidadadeSaude: INTEGER
1164617 [AWT-EventQueue-0] DEBUG ca.sqlpower.architect.swingui.TablePane  - Checking column Nome: VARCHAR(300)
1164618 [AWT-EventQueue-0] DEBUG ca.sqlpower.architect.swingui.TablePane  - Checking column IdUsuario: INTEGER
1164618 [AWT-EventQueue-0] DEBUG ca.sqlpower.architect.swingui.TablePane  - Checking column Nome: VARCHAR(80)
1164618 [AWT-EventQueue-0] DEBUG ca.sqlpower.architect.swingui.TablePane  - Checking column COREM: VARCHAR(30)
1164618 [AWT-EventQueue-0] DEBUG ca.sqlpower.architect.swingui.TablePane  - Checking column IdUnidadadeSaude: INTEGER
1164619 [AWT-EventQueue-0] DEBUG ca.sqlpower.architect.swingui.TablePane  - Checking column IdPaciente: INTEGER
1164619 [AWT-EventQueue-0] DEBUG ca.sqlpower.architect.swingui.TablePane  - Checking column Nome: VARCHAR(200)
1164619 [AWT-EventQueue-0] DEBUG ca.sqlpower.architect.swingui.TablePane  - Checking column CodSUS: VARCHAR(50)
1164619 [AWT-EventQueue-0] DEBUG ca.sqlpower.architect.swingui.TablePane  - Checking column DataNascimento: DATE
1164619 [AWT-EventQueue-0] DEBUG ca.sqlpower.architect.swingui.TablePane  - Checking column Idade: VARCHAR(5)
1164620 [AWT-EventQueue-0] DEBUG ca.sqlpower.architect.swingui.TablePane  - Checking column HOM: VARCHAR
1164620 [AWT-EventQueue-0] DEBUG ca.sqlpower.architect.swingui.TablePane  - Checking column Gest: VARCHAR
1164620 [AWT-EventQueue-0] DEBUG ca.sqlpower.architect.swingui.TablePane  - Checking column nGest: VARCHAR
1164620 [AWT-EventQueue-0] DEBUG ca.sqlpower.architect.swingui.TablePane  - Checking column MFI: VARCHAR
1164620 [AWT-EventQueue-0] DEBUG ca.sqlpower.architect.swingui.TablePane  - Checking column IdUnidadadeSaude: INTEGER
1164621 [AWT-EventQueue-0] DEBUG ca.sqlpower.architect.swingui.TablePane  - Checking column IdVacina: INTEGER
1164621 [AWT-EventQueue-0] DEBUG ca.sqlpower.architect.swingui.TablePane  - Checking column nome: VARCHAR(50)
1164621 [AWT-EventQueue-0] DEBUG ca.sqlpower.architect.swingui.TablePane  - Checking column REG_APLI: VARCHAR
1164621 [AWT-EventQueue-0] DEBUG ca.sqlpower.architect.swingui.TablePane  - Checking column IdDoses: INTEGER
1164622 [AWT-EventQueue-0] DEBUG ca.sqlpower.architect.swingui.TablePane  - Checking column Data: VARCHAR
1164622 [AWT-EventQueue-0] DEBUG ca.sqlpower.architect.swingui.TablePane  - Checking column dose: INTEGER
1164622 [AWT-EventQueue-0] DEBUG ca.sqlpower.architect.swingui.TablePane  - Checking column IdPaciente: INTEGER
1164622 [AWT-EventQueue-0] DEBUG ca.sqlpower.architect.swingui.TablePane  - Checking column IdVacina: INTEGER
